
Circuit 1 cell sky130_fd_pr__nfet_01v8 and Circuit 2 cell sky130_fd_pr__nfet_01v8 are black boxes.
Warning: Equate pins:  cell sky130_fd_pr__nfet_01v8 is a placeholder, treated as a black box.
Warning: Equate pins:  cell sky130_fd_pr__nfet_01v8 is a placeholder, treated as a black box.

Subcircuit pins:
Circuit 1: sky130_fd_pr__nfet_01v8         |Circuit 2: sky130_fd_pr__nfet_01v8         
-------------------------------------------|-------------------------------------------
1                                          |1                                          
2                                          |2                                          
3                                          |3                                          
4                                          |4                                          
---------------------------------------------------------------------------------------
Cell pin lists are equivalent.
Device classes sky130_fd_pr__nfet_01v8 and sky130_fd_pr__nfet_01v8 are equivalent.

Circuit 1 cell sky130_fd_pr__pfet_01v8 and Circuit 2 cell sky130_fd_pr__pfet_01v8 are black boxes.
Warning: Equate pins:  cell sky130_fd_pr__pfet_01v8 is a placeholder, treated as a black box.
Warning: Equate pins:  cell sky130_fd_pr__pfet_01v8 is a placeholder, treated as a black box.

Subcircuit pins:
Circuit 1: sky130_fd_pr__pfet_01v8         |Circuit 2: sky130_fd_pr__pfet_01v8         
-------------------------------------------|-------------------------------------------
1                                          |1                                          
2                                          |2                                          
3                                          |3                                          
4                                          |4                                          
---------------------------------------------------------------------------------------
Cell pin lists are equivalent.
Device classes sky130_fd_pr__pfet_01v8 and sky130_fd_pr__pfet_01v8 are equivalent.
Flattening unmatched subcell OgueyAebischer_p7_n5 in circuit OgueyAebischerBias (1)(1 instance)
Flattening unmatched subcell nmos_5x in circuit OgueyAebischerBias (1)(1 instance)
Flattening unmatched subcell pmos_7x in circuit OgueyAebischerBias (1)(1 instance)
Flattening unmatched subcell nmos_1x80_2x in circuit OgueyAebischerBias (1)(1 instance)
Flattening unmatched subcell nmos1x20_8x in circuit OgueyAebischerBias (1)(1 instance)

Removing zero-valued device vsrc from cell OgueyAebischerBias (0) makes a better match
Removing zero-valued device vsrc from cell OgueyAebischerBias (0) makes a better match
Removing zero-valued device vsrc from cell OgueyAebischerBias (0) makes a better match
Making another compare attempt.

Class OgueyAebischerBias (1):  Merged 7 parallel devices.
Subcircuit summary:
Circuit 1: OgueyAebischerBias              |Circuit 2: OgueyAebischerBias              
-------------------------------------------|-------------------------------------------
sky130_fd_pr__nfet_01v8 (13->10)           |sky130_fd_pr__nfet_01v8 (13->10)           
sky130_fd_pr__pfet_01v8 (7->3)             |sky130_fd_pr__pfet_01v8 (7->3)             
Number of devices: 13                      |Number of devices: 13                      
Number of nets: 12 **Mismatch**            |Number of nets: 13 **Mismatch**            
---------------------------------------------------------------------------------------
NET mismatches: Class fragments follow (with fanout counts):
Circuit 1: OgueyAebischerBias              |Circuit 2: OgueyAebischerBias              

---------------------------------------------------------------------------------------
Net: vdd                                   |(no matching net)                          
  sky130_fd_pr__pfet_01v8/(1|3) = 3        |                                           
  sky130_fd_pr__pfet_01v8/4 = 3            |                                           
---------------------------------------------------------------------------------------

---------------------------------------------------------------------------------------
(no matching net)                          |Net: vdd                                   
                                           |  sky130_fd_pr__pfet_01v8/(1|3) = 3        
                                           |                                           
(no matching net)                          |Net: w_n354_400#                           
                                           |  sky130_fd_pr__pfet_01v8/4 = 3            
---------------------------------------------------------------------------------------

---------------------------------------------------------------------------------------
Net: vbr                                   |Net: vbr                                   
  sky130_fd_pr__pfet_01v8/(1|3) = 1        |  sky130_fd_pr__pfet_01v8/(1|3) = 1        
  sky130_fd_pr__nfet_01v8/2 = 8            |  sky130_fd_pr__nfet_01v8/2 = 8            
  sky130_fd_pr__nfet_01v8/(1|3) = 1        |  sky130_fd_pr__nfet_01v8/(1|3) = 1        
---------------------------------------------------------------------------------------

---------------------------------------------------------------------------------------
Net: vbp                                   |Net: vbp                                   
  sky130_fd_pr__nfet_01v8/(1|3) = 1        |  sky130_fd_pr__nfet_01v8/(1|3) = 1        
  sky130_fd_pr__pfet_01v8/(1|3) = 1        |  sky130_fd_pr__pfet_01v8/(1|3) = 1        
  sky130_fd_pr__pfet_01v8/2 = 3            |  sky130_fd_pr__pfet_01v8/2 = 3            
---------------------------------------------------------------------------------------

---------------------------------------------------------------------------------------
Net: vbn                                   |Net: vbn                                   
  sky130_fd_pr__nfet_01v8/2 = 2            |  sky130_fd_pr__nfet_01v8/2 = 2            
  sky130_fd_pr__nfet_01v8/(1|3) = 1        |  sky130_fd_pr__nfet_01v8/(1|3) = 1        
  sky130_fd_pr__pfet_01v8/(1|3) = 1        |  sky130_fd_pr__pfet_01v8/(1|3) = 1        
---------------------------------------------------------------------------------------
DEVICE mismatches: Class fragments follow (with node fanout counts):
Circuit 1: OgueyAebischerBias              |Circuit 2: OgueyAebischerBias              

---------------------------------------------------------------------------------------
Instance: sky130_fd_pr__pfet_01v8:M14      |Instance: OgueyAebischer_p7_n5_0//pmos_7x_ 
  (1,3) = (10,6)                           |  (1,3) = (10,3)                           
  2 = 5                                    |  2 = 5                                    
  4 = 6                                    |  4 = 3                                    
                                           |                                           
Instance: sky130_fd_pr__pfet_01v8:M13      |Instance: OgueyAebischer_p7_n5_0//pmos_7x_ 
  (1,3) = (6,4)                            |  (1,3) = (5,3)                            
  2 = 5                                    |  2 = 5                                    
  4 = 6                                    |  4 = 3                                    
                                           |                                           
Instance: sky130_fd_pr__pfet_01v8:M12      |Instance: OgueyAebischer_p7_n5_0//pmos_7x_ 
  (1,3) = (6,5)                            |  (1,3) = (4,3)                            
  2 = 5                                    |  2 = 5                                    
  4 = 6                                    |  4 = 3                                    
---------------------------------------------------------------------------------------
Netlists do not match.

Subcircuit pins:
Circuit 1: OgueyAebischerBias              |Circuit 2: OgueyAebischerBias              
-------------------------------------------|-------------------------------------------
Cell pin lists are equivalent.
Device classes OgueyAebischerBias and OgueyAebischerBias are equivalent.

Final result: Netlists do not match.
