
Circuit 1 cell sky130_fd_pr__nfet_01v8 and Circuit 2 cell sky130_fd_pr__nfet_01v8 are black boxes.
Warning: Equate pins:  cell sky130_fd_pr__nfet_01v8 is a placeholder, treated as a black box.
Warning: Equate pins:  cell sky130_fd_pr__nfet_01v8 is a placeholder, treated as a black box.

Subcircuit pins:
Circuit 1: sky130_fd_pr__nfet_01v8         |Circuit 2: sky130_fd_pr__nfet_01v8         
-------------------------------------------|-------------------------------------------
1                                          |1                                          
2                                          |2                                          
3                                          |3                                          
4                                          |4                                          
---------------------------------------------------------------------------------------
Cell pin lists are equivalent.
Device classes sky130_fd_pr__nfet_01v8 and sky130_fd_pr__nfet_01v8 are equivalent.

Circuit 1 cell sky130_fd_pr__pfet_01v8 and Circuit 2 cell sky130_fd_pr__pfet_01v8 are black boxes.
Warning: Equate pins:  cell sky130_fd_pr__pfet_01v8 is a placeholder, treated as a black box.
Warning: Equate pins:  cell sky130_fd_pr__pfet_01v8 is a placeholder, treated as a black box.

Subcircuit pins:
Circuit 1: sky130_fd_pr__pfet_01v8         |Circuit 2: sky130_fd_pr__pfet_01v8         
-------------------------------------------|-------------------------------------------
1                                          |1                                          
2                                          |2                                          
3                                          |3                                          
4                                          |4                                          
---------------------------------------------------------------------------------------
Cell pin lists are equivalent.
Device classes sky130_fd_pr__pfet_01v8 and sky130_fd_pr__pfet_01v8 are equivalent.
Flattening unmatched subcell shortpmos_2x in circuit ToBiasStartup (1)(1 instance)
Flattening unmatched subcell nmos_8x2 in circuit ToBiasStartup (1)(2 instances)
Flattening unmatched subcell sky130_fd_pr__nfet_01v8_BDGNGK in circuit ToBiasStartup (1)(2 instances)
Flattening unmatched subcell shortnmos_2x in circuit ToBiasStartup (1)(1 instance)
Flattening unmatched subcell flatpmos1x0.3 in circuit ToBiasStartup (1)(1 instance)

Subcircuit summary:
Circuit 1: ToBiasStartup                   |Circuit 2: ToBiasStartup                   
-------------------------------------------|-------------------------------------------
sky130_fd_pr__nfet_01v8 (4)                |sky130_fd_pr__nfet_01v8 (4)                
sky130_fd_pr__pfet_01v8 (3)                |sky130_fd_pr__pfet_01v8 (3)                
Number of devices: 7                       |Number of devices: 7                       
Number of nets: 7                          |Number of nets: 7                          
---------------------------------------------------------------------------------------
NET mismatches: Class fragments follow (with fanout counts):
Circuit 1: ToBiasStartup                   |Circuit 2: ToBiasStartup                   

---------------------------------------------------------------------------------------
Net: vdd                                   |Net: vdd                                   
  sky130_fd_pr__pfet_01v8/(1|3) = 3        |  sky130_fd_pr__pfet_01v8/(1|3) = 3        
  sky130_fd_pr__pfet_01v8/4 = 3            |  sky130_fd_pr__pfet_01v8/4 = 3            
  sky130_fd_pr__nfet_01v8/(1|3) = 2        |  sky130_fd_pr__nfet_01v8/2 = 1            
                                           |                                           
Net: vbp                                   |Net: vbp                                   
  sky130_fd_pr__pfet_01v8/2 = 1            |  sky130_fd_pr__pfet_01v8/2 = 1            
  sky130_fd_pr__nfet_01v8/2 = 1            |  sky130_fd_pr__nfet_01v8/(1|3) = 2        
---------------------------------------------------------------------------------------
Netlists do not match.

Subcircuit pins:
Circuit 1: ToBiasStartup                   |Circuit 2: ToBiasStartup                   
-------------------------------------------|-------------------------------------------
vbp                                        |vdd **Mismatch**                           
vdd                                        |vbp **Mismatch**                           
vbn                                        |vbn                                        
vbr                                        |vbr                                        
vss                                        |vss                                        
disable                                    |disable                                    
(no matching pin)                          |vkick                                      
---------------------------------------------------------------------------------------
Cell pin lists for ToBiasStartup and ToBiasStartup altered to match.
Device classes ToBiasStartup and ToBiasStartup are equivalent.

Final result: Top level cell failed pin matching.
